0 info it worked if it ends with ok
1 verbose cli [ '/usr/local/bin/node', '/usr/local/bin/npm', 'run', 'dev' ]
2 info using npm@3.7.3
3 info using node@v5.8.0
4 verbose run-script [ 'predev', 'dev', 'postdev' ]
5 info lifecycle aurelia-skeleton-navigation-webpack@1.0.0-beta.1.2.0~predev: aurelia-skeleton-navigation-webpack@1.0.0-beta.1.2.0
6 silly lifecycle aurelia-skeleton-navigation-webpack@1.0.0-beta.1.2.0~predev: no script for predev, continuing
7 info lifecycle aurelia-skeleton-navigation-webpack@1.0.0-beta.1.2.0~dev: aurelia-skeleton-navigation-webpack@1.0.0-beta.1.2.0
8 verbose lifecycle aurelia-skeleton-navigation-webpack@1.0.0-beta.1.2.0~dev: unsafe-perm in lifecycle true
9 verbose lifecycle aurelia-skeleton-navigation-webpack@1.0.0-beta.1.2.0~dev: PATH: /usr/local/lib/node_modules/npm/bin/node-gyp-bin:/home/jekas/dev/lang/javascript/aurelia/samples/aurelia-dialog-sample/node_modules/.bin:/usr/local/bin:/home/jekas/perl5/bin:/home/jekas/bin:/usr/local/bin:/usr/local/sbin:/usr/bin:/opt/android-sdk/platform-tools:/opt/android-sdk/tools:/usr/lib/jvm/default/bin:/usr/bin/site_perl:/usr/bin/vendor_perl:/usr/bin/core_perl:/home/jekas/.gem/ruby/2.1.0/bin:/opt/android-sdk/platform-tools:/opt/android-sdk/tools:/home/jekas/.gem/ruby/2.2.0/bin
10 verbose lifecycle aurelia-skeleton-navigation-webpack@1.0.0-beta.1.2.0~dev: CWD: /home/jekas/dev/lang/javascript/aurelia/samples/aurelia-dialog-sample
11 silly lifecycle aurelia-skeleton-navigation-webpack@1.0.0-beta.1.2.0~dev: Args: [ '-c',
11 silly lifecycle   'webpack-dev-server --config webpack.config.js --hot --inline --progress --devtool eval' ]
12 info lifecycle aurelia-skeleton-navigation-webpack@1.0.0-beta.1.2.0~dev: Failed to exec dev script
13 verbose stack Error: aurelia-skeleton-navigation-webpack@1.0.0-beta.1.2.0 dev: `webpack-dev-server --config webpack.config.js --hot --inline --progress --devtool eval`
13 verbose stack spawn ENOENT
13 verbose stack     at ChildProcess.<anonymous> (/usr/local/lib/node_modules/npm/lib/utils/spawn.js:17:16)
13 verbose stack     at emitTwo (events.js:100:13)
13 verbose stack     at ChildProcess.emit (events.js:185:7)
13 verbose stack     at maybeClose (internal/child_process.js:850:16)
13 verbose stack     at Process.ChildProcess._handle.onexit (internal/child_process.js:215:5)
14 verbose pkgid aurelia-skeleton-navigation-webpack@1.0.0-beta.1.2.0
15 verbose cwd /home/jekas/dev/lang/javascript/aurelia/samples/aurelia-dialog-sample
16 error Linux 4.4.1-2-ARCH
17 error argv "/usr/local/bin/node" "/usr/local/bin/npm" "run" "dev"
18 error node v5.8.0
19 error npm  v3.7.3
20 error file sh
21 error code ELIFECYCLE
22 error errno ENOENT
23 error syscall spawn
24 error aurelia-skeleton-navigation-webpack@1.0.0-beta.1.2.0 dev: `webpack-dev-server --config webpack.config.js --hot --inline --progress --devtool eval`
24 error spawn ENOENT
25 error Failed at the aurelia-skeleton-navigation-webpack@1.0.0-beta.1.2.0 dev script 'webpack-dev-server --config webpack.config.js --hot --inline --progress --devtool eval'.
25 error Make sure you have the latest version of node.js and npm installed.
25 error If you do, this is most likely a problem with the aurelia-skeleton-navigation-webpack package,
25 error not with npm itself.
25 error Tell the author that this fails on your system:
25 error     webpack-dev-server --config webpack.config.js --hot --inline --progress --devtool eval
25 error You can get information on how to open an issue for this project with:
25 error     npm bugs aurelia-skeleton-navigation-webpack
25 error Or if that isn't available, you can get their info via:
25 error     npm owner ls aurelia-skeleton-navigation-webpack
25 error There is likely additional logging output above.
26 verbose exit [ 1, true ]
